Performing C SOURCE FILE Test CMAKE_HAVE_LIBC_PTHREAD failed with the following output:
Change Dir: /home/wulingfeng/catkin_ws/src/build/CMakeFiles/CMakeTmp

Run Build Command(s):/usr/bin/make cmTC_76124/fast && /usr/bin/make -f CMakeFiles/cmTC_76124.dir/build.make CMakeFiles/cmTC_76124.dir/build
make[1]: 进入目录“/home/wulingfeng/catkin_ws/src/build/CMakeFiles/CMakeTmp”
Building C object CMakeFiles/cmTC_76124.dir/src.c.o
/usr/bin/cc   -DCMAKE_HAVE_LIBC_PTHREAD   -o CMakeFiles/cmTC_76124.dir/src.c.o   -c /home/wulingfeng/catkin_ws/src/build/CMakeFiles/CMakeTmp/src.c
Linking C executable cmTC_76124
/usr/bin/cmake -E cmake_link_script CMakeFiles/cmTC_76124.dir/link.txt --verbose=1
/usr/bin/cc  -DCMAKE_HAVE_LIBC_PTHREAD    -rdynamic CMakeFiles/cmTC_76124.dir/src.c.o  -o cmTC_76124 
/usr/bin/ld: CMakeFiles/cmTC_76124.dir/src.c.o: in function `main':
src.c:(.text+0x46): undefined reference to `pthread_create'
/usr/bin/ld: src.c:(.text+0x52): undefined reference to `pthread_detach'
/usr/bin/ld: src.c:(.text+0x63): undefined reference to `pthread_join'
collect2: error: ld returned 1 exit status
make[1]: *** [CMakeFiles/cmTC_76124.dir/build.make:87：cmTC_76124] 错误 1
make[1]: 离开目录“/home/wulingfeng/catkin_ws/src/build/CMakeFiles/CMakeTmp”
make: *** [Makefile:121：cmTC_76124/fast] 错误 2


Source file was:
#include <pthread.h>

void* test_func(void* data)
{
  return data;
}

int main(void)
{
  pthread_t thread;
  pthread_create(&thread, NULL, test_func, NULL);
  pthread_detach(thread);
  pthread_join(thread, NULL);
  pthread_atfork(NULL, NULL, NULL);
  pthread_exit(NULL);

  return 0;
}

Determining if the function pthread_create exists in the pthreads failed with the following output:
Change Dir: /home/wulingfeng/catkin_ws/src/build/CMakeFiles/CMakeTmp

Run Build Command(s):/usr/bin/make cmTC_f60e6/fast && /usr/bin/make -f CMakeFiles/cmTC_f60e6.dir/build.make CMakeFiles/cmTC_f60e6.dir/build
make[1]: 进入目录“/home/wulingfeng/catkin_ws/src/build/CMakeFiles/CMakeTmp”
Building C object CMakeFiles/cmTC_f60e6.dir/CheckFunctionExists.c.o
/usr/bin/cc   -DCHECK_FUNCTION_EXISTS=pthread_create   -o CMakeFiles/cmTC_f60e6.dir/CheckFunctionExists.c.o   -c /usr/share/cmake-3.16/Modules/CheckFunctionExists.c
Linking C executable cmTC_f60e6
/usr/bin/cmake -E cmake_link_script CMakeFiles/cmTC_f60e6.dir/link.txt --verbose=1
/usr/bin/cc  -DCHECK_FUNCTION_EXISTS=pthread_create    -rdynamic CMakeFiles/cmTC_f60e6.dir/CheckFunctionExists.c.o  -o cmTC_f60e6  -lpthreads 
/usr/bin/ld: 找不到 -lpthreads
collect2: error: ld returned 1 exit status
make[1]: *** [CMakeFiles/cmTC_f60e6.dir/build.make:87：cmTC_f60e6] 错误 1
make[1]: 离开目录“/home/wulingfeng/catkin_ws/src/build/CMakeFiles/CMakeTmp”
make: *** [Makefile:121：cmTC_f60e6/fast] 错误 2



Performing C SOURCE FILE Test CMAKE_HAVE_LIBC_PTHREAD failed with the following output:
Change Dir: /home/wulingfeng/catkin_ws/src/build/CMakeFiles/CMakeTmp

Run Build Command(s):/usr/bin/make cmTC_2b233/fast && /usr/bin/make -f CMakeFiles/cmTC_2b233.dir/build.make CMakeFiles/cmTC_2b233.dir/build
make[1]: 进入目录“/home/wulingfeng/catkin_ws/src/build/CMakeFiles/CMakeTmp”
Building C object CMakeFiles/cmTC_2b233.dir/src.c.o
/usr/bin/cc   -DCMAKE_HAVE_LIBC_PTHREAD   -o CMakeFiles/cmTC_2b233.dir/src.c.o   -c /home/wulingfeng/catkin_ws/src/build/CMakeFiles/CMakeTmp/src.c
Linking C executable cmTC_2b233
/usr/bin/cmake -E cmake_link_script CMakeFiles/cmTC_2b233.dir/link.txt --verbose=1
/usr/bin/cc  -DCMAKE_HAVE_LIBC_PTHREAD    -rdynamic CMakeFiles/cmTC_2b233.dir/src.c.o  -o cmTC_2b233 
/usr/bin/ld: CMakeFiles/cmTC_2b233.dir/src.c.o: in function `main':
src.c:(.text+0x46): undefined reference to `pthread_create'
/usr/bin/ld: src.c:(.text+0x52): undefined reference to `pthread_detach'
/usr/bin/ld: src.c:(.text+0x63): undefined reference to `pthread_join'
collect2: error: ld returned 1 exit status
make[1]: *** [CMakeFiles/cmTC_2b233.dir/build.make:87：cmTC_2b233] 错误 1
make[1]: 离开目录“/home/wulingfeng/catkin_ws/src/build/CMakeFiles/CMakeTmp”
make: *** [Makefile:121：cmTC_2b233/fast] 错误 2


Source file was:
#include <pthread.h>

void* test_func(void* data)
{
  return data;
}

int main(void)
{
  pthread_t thread;
  pthread_create(&thread, NULL, test_func, NULL);
  pthread_detach(thread);
  pthread_join(thread, NULL);
  pthread_atfork(NULL, NULL, NULL);
  pthread_exit(NULL);

  return 0;
}

Determining if the function pthread_create exists in the pthreads failed with the following output:
Change Dir: /home/wulingfeng/catkin_ws/src/build/CMakeFiles/CMakeTmp

Run Build Command(s):/usr/bin/make cmTC_4ffe9/fast && /usr/bin/make -f CMakeFiles/cmTC_4ffe9.dir/build.make CMakeFiles/cmTC_4ffe9.dir/build
make[1]: 进入目录“/home/wulingfeng/catkin_ws/src/build/CMakeFiles/CMakeTmp”
Building C object CMakeFiles/cmTC_4ffe9.dir/CheckFunctionExists.c.o
/usr/bin/cc   -DCHECK_FUNCTION_EXISTS=pthread_create   -o CMakeFiles/cmTC_4ffe9.dir/CheckFunctionExists.c.o   -c /usr/share/cmake-3.16/Modules/CheckFunctionExists.c
Linking C executable cmTC_4ffe9
/usr/bin/cmake -E cmake_link_script CMakeFiles/cmTC_4ffe9.dir/link.txt --verbose=1
/usr/bin/cc  -DCHECK_FUNCTION_EXISTS=pthread_create    -rdynamic CMakeFiles/cmTC_4ffe9.dir/CheckFunctionExists.c.o  -o cmTC_4ffe9  -lpthreads 
/usr/bin/ld: 找不到 -lpthreads
collect2: error: ld returned 1 exit status
make[1]: *** [CMakeFiles/cmTC_4ffe9.dir/build.make:87：cmTC_4ffe9] 错误 1
make[1]: 离开目录“/home/wulingfeng/catkin_ws/src/build/CMakeFiles/CMakeTmp”
make: *** [Makefile:121：cmTC_4ffe9/fast] 错误 2



Performing C SOURCE FILE Test CMAKE_HAVE_LIBC_PTHREAD failed with the following output:
Change Dir: /home/wulingfeng/catkin_ws/src/build/CMakeFiles/CMakeTmp

Run Build Command(s):/usr/bin/make cmTC_680ba/fast && /usr/bin/make -f CMakeFiles/cmTC_680ba.dir/build.make CMakeFiles/cmTC_680ba.dir/build
make[1]: 进入目录“/home/wulingfeng/catkin_ws/src/build/CMakeFiles/CMakeTmp”
Building C object CMakeFiles/cmTC_680ba.dir/src.c.o
/usr/bin/cc   -DCMAKE_HAVE_LIBC_PTHREAD   -o CMakeFiles/cmTC_680ba.dir/src.c.o   -c /home/wulingfeng/catkin_ws/src/build/CMakeFiles/CMakeTmp/src.c
Linking C executable cmTC_680ba
/usr/bin/cmake -E cmake_link_script CMakeFiles/cmTC_680ba.dir/link.txt --verbose=1
/usr/bin/cc  -DCMAKE_HAVE_LIBC_PTHREAD    -rdynamic CMakeFiles/cmTC_680ba.dir/src.c.o  -o cmTC_680ba 
/usr/bin/ld: CMakeFiles/cmTC_680ba.dir/src.c.o: in function `main':
src.c:(.text+0x46): undefined reference to `pthread_create'
/usr/bin/ld: src.c:(.text+0x52): undefined reference to `pthread_detach'
/usr/bin/ld: src.c:(.text+0x63): undefined reference to `pthread_join'
collect2: error: ld returned 1 exit status
make[1]: *** [CMakeFiles/cmTC_680ba.dir/build.make:87：cmTC_680ba] 错误 1
make[1]: 离开目录“/home/wulingfeng/catkin_ws/src/build/CMakeFiles/CMakeTmp”
make: *** [Makefile:121：cmTC_680ba/fast] 错误 2


Source file was:
#include <pthread.h>

void* test_func(void* data)
{
  return data;
}

int main(void)
{
  pthread_t thread;
  pthread_create(&thread, NULL, test_func, NULL);
  pthread_detach(thread);
  pthread_join(thread, NULL);
  pthread_atfork(NULL, NULL, NULL);
  pthread_exit(NULL);

  return 0;
}

Determining if the function pthread_create exists in the pthreads failed with the following output:
Change Dir: /home/wulingfeng/catkin_ws/src/build/CMakeFiles/CMakeTmp

Run Build Command(s):/usr/bin/make cmTC_87feb/fast && /usr/bin/make -f CMakeFiles/cmTC_87feb.dir/build.make CMakeFiles/cmTC_87feb.dir/build
make[1]: 进入目录“/home/wulingfeng/catkin_ws/src/build/CMakeFiles/CMakeTmp”
Building C object CMakeFiles/cmTC_87feb.dir/CheckFunctionExists.c.o
/usr/bin/cc   -DCHECK_FUNCTION_EXISTS=pthread_create   -o CMakeFiles/cmTC_87feb.dir/CheckFunctionExists.c.o   -c /usr/share/cmake-3.16/Modules/CheckFunctionExists.c
Linking C executable cmTC_87feb
/usr/bin/cmake -E cmake_link_script CMakeFiles/cmTC_87feb.dir/link.txt --verbose=1
/usr/bin/cc  -DCHECK_FUNCTION_EXISTS=pthread_create    -rdynamic CMakeFiles/cmTC_87feb.dir/CheckFunctionExists.c.o  -o cmTC_87feb  -lpthreads 
/usr/bin/ld: 找不到 -lpthreads
collect2: error: ld returned 1 exit status
make[1]: *** [CMakeFiles/cmTC_87feb.dir/build.make:87：cmTC_87feb] 错误 1
make[1]: 离开目录“/home/wulingfeng/catkin_ws/src/build/CMakeFiles/CMakeTmp”
make: *** [Makefile:121：cmTC_87feb/fast] 错误 2



Performing C SOURCE FILE Test CMAKE_HAVE_LIBC_PTHREAD failed with the following output:
Change Dir: /home/wulingfeng/catkin_ws/src/build/CMakeFiles/CMakeTmp

Run Build Command(s):/usr/bin/make cmTC_38bc3/fast && /usr/bin/make -f CMakeFiles/cmTC_38bc3.dir/build.make CMakeFiles/cmTC_38bc3.dir/build
make[1]: 进入目录“/home/wulingfeng/catkin_ws/src/build/CMakeFiles/CMakeTmp”
Building C object CMakeFiles/cmTC_38bc3.dir/src.c.o
/usr/bin/cc   -DCMAKE_HAVE_LIBC_PTHREAD   -o CMakeFiles/cmTC_38bc3.dir/src.c.o   -c /home/wulingfeng/catkin_ws/src/build/CMakeFiles/CMakeTmp/src.c
Linking C executable cmTC_38bc3
/usr/bin/cmake -E cmake_link_script CMakeFiles/cmTC_38bc3.dir/link.txt --verbose=1
/usr/bin/cc  -DCMAKE_HAVE_LIBC_PTHREAD    -rdynamic CMakeFiles/cmTC_38bc3.dir/src.c.o  -o cmTC_38bc3 
/usr/bin/ld: CMakeFiles/cmTC_38bc3.dir/src.c.o: in function `main':
src.c:(.text+0x46): undefined reference to `pthread_create'
/usr/bin/ld: src.c:(.text+0x52): undefined reference to `pthread_detach'
/usr/bin/ld: src.c:(.text+0x63): undefined reference to `pthread_join'
collect2: error: ld returned 1 exit status
make[1]: *** [CMakeFiles/cmTC_38bc3.dir/build.make:87：cmTC_38bc3] 错误 1
make[1]: 离开目录“/home/wulingfeng/catkin_ws/src/build/CMakeFiles/CMakeTmp”
make: *** [Makefile:121：cmTC_38bc3/fast] 错误 2


Source file was:
#include <pthread.h>

void* test_func(void* data)
{
  return data;
}

int main(void)
{
  pthread_t thread;
  pthread_create(&thread, NULL, test_func, NULL);
  pthread_detach(thread);
  pthread_join(thread, NULL);
  pthread_atfork(NULL, NULL, NULL);
  pthread_exit(NULL);

  return 0;
}

Determining if the function pthread_create exists in the pthreads failed with the following output:
Change Dir: /home/wulingfeng/catkin_ws/src/build/CMakeFiles/CMakeTmp

Run Build Command(s):/usr/bin/make cmTC_6f912/fast && /usr/bin/make -f CMakeFiles/cmTC_6f912.dir/build.make CMakeFiles/cmTC_6f912.dir/build
make[1]: 进入目录“/home/wulingfeng/catkin_ws/src/build/CMakeFiles/CMakeTmp”
Building C object CMakeFiles/cmTC_6f912.dir/CheckFunctionExists.c.o
/usr/bin/cc   -DCHECK_FUNCTION_EXISTS=pthread_create   -o CMakeFiles/cmTC_6f912.dir/CheckFunctionExists.c.o   -c /usr/share/cmake-3.16/Modules/CheckFunctionExists.c
Linking C executable cmTC_6f912
/usr/bin/cmake -E cmake_link_script CMakeFiles/cmTC_6f912.dir/link.txt --verbose=1
/usr/bin/cc  -DCHECK_FUNCTION_EXISTS=pthread_create    -rdynamic CMakeFiles/cmTC_6f912.dir/CheckFunctionExists.c.o  -o cmTC_6f912  -lpthreads 
/usr/bin/ld: 找不到 -lpthreads
collect2: error: ld returned 1 exit status
make[1]: *** [CMakeFiles/cmTC_6f912.dir/build.make:87：cmTC_6f912] 错误 1
make[1]: 离开目录“/home/wulingfeng/catkin_ws/src/build/CMakeFiles/CMakeTmp”
make: *** [Makefile:121：cmTC_6f912/fast] 错误 2



Performing C SOURCE FILE Test CMAKE_HAVE_LIBC_PTHREAD failed with the following output:
Change Dir: /home/wulingfeng/catkin_ws/src/build/CMakeFiles/CMakeTmp

Run Build Command(s):/usr/bin/make cmTC_833ea/fast && /usr/bin/make -f CMakeFiles/cmTC_833ea.dir/build.make CMakeFiles/cmTC_833ea.dir/build
make[1]: 进入目录“/home/wulingfeng/catkin_ws/src/build/CMakeFiles/CMakeTmp”
Building C object CMakeFiles/cmTC_833ea.dir/src.c.o
/usr/bin/cc   -DCMAKE_HAVE_LIBC_PTHREAD   -o CMakeFiles/cmTC_833ea.dir/src.c.o   -c /home/wulingfeng/catkin_ws/src/build/CMakeFiles/CMakeTmp/src.c
Linking C executable cmTC_833ea
/usr/bin/cmake -E cmake_link_script CMakeFiles/cmTC_833ea.dir/link.txt --verbose=1
/usr/bin/cc  -DCMAKE_HAVE_LIBC_PTHREAD    -rdynamic CMakeFiles/cmTC_833ea.dir/src.c.o  -o cmTC_833ea 
/usr/bin/ld: CMakeFiles/cmTC_833ea.dir/src.c.o: in function `main':
src.c:(.text+0x46): undefined reference to `pthread_create'
/usr/bin/ld: src.c:(.text+0x52): undefined reference to `pthread_detach'
/usr/bin/ld: src.c:(.text+0x63): undefined reference to `pthread_join'
collect2: error: ld returned 1 exit status
make[1]: *** [CMakeFiles/cmTC_833ea.dir/build.make:87：cmTC_833ea] 错误 1
make[1]: 离开目录“/home/wulingfeng/catkin_ws/src/build/CMakeFiles/CMakeTmp”
make: *** [Makefile:121：cmTC_833ea/fast] 错误 2


Source file was:
#include <pthread.h>

void* test_func(void* data)
{
  return data;
}

int main(void)
{
  pthread_t thread;
  pthread_create(&thread, NULL, test_func, NULL);
  pthread_detach(thread);
  pthread_join(thread, NULL);
  pthread_atfork(NULL, NULL, NULL);
  pthread_exit(NULL);

  return 0;
}

Determining if the function pthread_create exists in the pthreads failed with the following output:
Change Dir: /home/wulingfeng/catkin_ws/src/build/CMakeFiles/CMakeTmp

Run Build Command(s):/usr/bin/make cmTC_81f7c/fast && /usr/bin/make -f CMakeFiles/cmTC_81f7c.dir/build.make CMakeFiles/cmTC_81f7c.dir/build
make[1]: 进入目录“/home/wulingfeng/catkin_ws/src/build/CMakeFiles/CMakeTmp”
Building C object CMakeFiles/cmTC_81f7c.dir/CheckFunctionExists.c.o
/usr/bin/cc   -DCHECK_FUNCTION_EXISTS=pthread_create   -o CMakeFiles/cmTC_81f7c.dir/CheckFunctionExists.c.o   -c /usr/share/cmake-3.16/Modules/CheckFunctionExists.c
Linking C executable cmTC_81f7c
/usr/bin/cmake -E cmake_link_script CMakeFiles/cmTC_81f7c.dir/link.txt --verbose=1
/usr/bin/cc  -DCHECK_FUNCTION_EXISTS=pthread_create    -rdynamic CMakeFiles/cmTC_81f7c.dir/CheckFunctionExists.c.o  -o cmTC_81f7c  -lpthreads 
/usr/bin/ld: 找不到 -lpthreads
collect2: error: ld returned 1 exit status
make[1]: *** [CMakeFiles/cmTC_81f7c.dir/build.make:87：cmTC_81f7c] 错误 1
make[1]: 离开目录“/home/wulingfeng/catkin_ws/src/build/CMakeFiles/CMakeTmp”
make: *** [Makefile:121：cmTC_81f7c/fast] 错误 2



Performing C SOURCE FILE Test CMAKE_HAVE_LIBC_PTHREAD failed with the following output:
Change Dir: /home/wulingfeng/catkin_ws/src/build/CMakeFiles/CMakeTmp

Run Build Command(s):/usr/bin/make cmTC_b1db6/fast && /usr/bin/make -f CMakeFiles/cmTC_b1db6.dir/build.make CMakeFiles/cmTC_b1db6.dir/build
make[1]: 进入目录“/home/wulingfeng/catkin_ws/src/build/CMakeFiles/CMakeTmp”
Building C object CMakeFiles/cmTC_b1db6.dir/src.c.o
/usr/bin/cc   -DCMAKE_HAVE_LIBC_PTHREAD   -o CMakeFiles/cmTC_b1db6.dir/src.c.o   -c /home/wulingfeng/catkin_ws/src/build/CMakeFiles/CMakeTmp/src.c
Linking C executable cmTC_b1db6
/usr/bin/cmake -E cmake_link_script CMakeFiles/cmTC_b1db6.dir/link.txt --verbose=1
/usr/bin/cc  -DCMAKE_HAVE_LIBC_PTHREAD    -rdynamic CMakeFiles/cmTC_b1db6.dir/src.c.o  -o cmTC_b1db6 
/usr/bin/ld: CMakeFiles/cmTC_b1db6.dir/src.c.o: in function `main':
src.c:(.text+0x46): undefined reference to `pthread_create'
/usr/bin/ld: src.c:(.text+0x52): undefined reference to `pthread_detach'
/usr/bin/ld: src.c:(.text+0x63): undefined reference to `pthread_join'
collect2: error: ld returned 1 exit status
make[1]: *** [CMakeFiles/cmTC_b1db6.dir/build.make:87：cmTC_b1db6] 错误 1
make[1]: 离开目录“/home/wulingfeng/catkin_ws/src/build/CMakeFiles/CMakeTmp”
make: *** [Makefile:121：cmTC_b1db6/fast] 错误 2


Source file was:
#include <pthread.h>

void* test_func(void* data)
{
  return data;
}

int main(void)
{
  pthread_t thread;
  pthread_create(&thread, NULL, test_func, NULL);
  pthread_detach(thread);
  pthread_join(thread, NULL);
  pthread_atfork(NULL, NULL, NULL);
  pthread_exit(NULL);

  return 0;
}

Determining if the function pthread_create exists in the pthreads failed with the following output:
Change Dir: /home/wulingfeng/catkin_ws/src/build/CMakeFiles/CMakeTmp

Run Build Command(s):/usr/bin/make cmTC_a680d/fast && /usr/bin/make -f CMakeFiles/cmTC_a680d.dir/build.make CMakeFiles/cmTC_a680d.dir/build
make[1]: 进入目录“/home/wulingfeng/catkin_ws/src/build/CMakeFiles/CMakeTmp”
Building C object CMakeFiles/cmTC_a680d.dir/CheckFunctionExists.c.o
/usr/bin/cc   -DCHECK_FUNCTION_EXISTS=pthread_create   -o CMakeFiles/cmTC_a680d.dir/CheckFunctionExists.c.o   -c /usr/share/cmake-3.16/Modules/CheckFunctionExists.c
Linking C executable cmTC_a680d
/usr/bin/cmake -E cmake_link_script CMakeFiles/cmTC_a680d.dir/link.txt --verbose=1
/usr/bin/cc  -DCHECK_FUNCTION_EXISTS=pthread_create    -rdynamic CMakeFiles/cmTC_a680d.dir/CheckFunctionExists.c.o  -o cmTC_a680d  -lpthreads 
/usr/bin/ld: 找不到 -lpthreads
collect2: error: ld returned 1 exit status
make[1]: *** [CMakeFiles/cmTC_a680d.dir/build.make:87：cmTC_a680d] 错误 1
make[1]: 离开目录“/home/wulingfeng/catkin_ws/src/build/CMakeFiles/CMakeTmp”
make: *** [Makefile:121：cmTC_a680d/fast] 错误 2



Performing C SOURCE FILE Test CMAKE_HAVE_LIBC_PTHREAD failed with the following output:
Change Dir: /home/wulingfeng/catkin_ws/src/build/CMakeFiles/CMakeTmp

Run Build Command(s):/usr/bin/make cmTC_4844f/fast && /usr/bin/make -f CMakeFiles/cmTC_4844f.dir/build.make CMakeFiles/cmTC_4844f.dir/build
make[1]: 进入目录“/home/wulingfeng/catkin_ws/src/build/CMakeFiles/CMakeTmp”
Building C object CMakeFiles/cmTC_4844f.dir/src.c.o
/usr/bin/cc   -DCMAKE_HAVE_LIBC_PTHREAD   -o CMakeFiles/cmTC_4844f.dir/src.c.o   -c /home/wulingfeng/catkin_ws/src/build/CMakeFiles/CMakeTmp/src.c
Linking C executable cmTC_4844f
/usr/bin/cmake -E cmake_link_script CMakeFiles/cmTC_4844f.dir/link.txt --verbose=1
/usr/bin/cc  -DCMAKE_HAVE_LIBC_PTHREAD    -rdynamic CMakeFiles/cmTC_4844f.dir/src.c.o  -o cmTC_4844f 
/usr/bin/ld: CMakeFiles/cmTC_4844f.dir/src.c.o: in function `main':
src.c:(.text+0x46): undefined reference to `pthread_create'
/usr/bin/ld: src.c:(.text+0x52): undefined reference to `pthread_detach'
/usr/bin/ld: src.c:(.text+0x63): undefined reference to `pthread_join'
collect2: error: ld returned 1 exit status
make[1]: *** [CMakeFiles/cmTC_4844f.dir/build.make:87：cmTC_4844f] 错误 1
make[1]: 离开目录“/home/wulingfeng/catkin_ws/src/build/CMakeFiles/CMakeTmp”
make: *** [Makefile:121：cmTC_4844f/fast] 错误 2


Source file was:
#include <pthread.h>

void* test_func(void* data)
{
  return data;
}

int main(void)
{
  pthread_t thread;
  pthread_create(&thread, NULL, test_func, NULL);
  pthread_detach(thread);
  pthread_join(thread, NULL);
  pthread_atfork(NULL, NULL, NULL);
  pthread_exit(NULL);

  return 0;
}

Determining if the function pthread_create exists in the pthreads failed with the following output:
Change Dir: /home/wulingfeng/catkin_ws/src/build/CMakeFiles/CMakeTmp

Run Build Command(s):/usr/bin/make cmTC_ae03d/fast && /usr/bin/make -f CMakeFiles/cmTC_ae03d.dir/build.make CMakeFiles/cmTC_ae03d.dir/build
make[1]: 进入目录“/home/wulingfeng/catkin_ws/src/build/CMakeFiles/CMakeTmp”
Building C object CMakeFiles/cmTC_ae03d.dir/CheckFunctionExists.c.o
/usr/bin/cc   -DCHECK_FUNCTION_EXISTS=pthread_create   -o CMakeFiles/cmTC_ae03d.dir/CheckFunctionExists.c.o   -c /usr/share/cmake-3.16/Modules/CheckFunctionExists.c
Linking C executable cmTC_ae03d
/usr/bin/cmake -E cmake_link_script CMakeFiles/cmTC_ae03d.dir/link.txt --verbose=1
/usr/bin/cc  -DCHECK_FUNCTION_EXISTS=pthread_create    -rdynamic CMakeFiles/cmTC_ae03d.dir/CheckFunctionExists.c.o  -o cmTC_ae03d  -lpthreads 
/usr/bin/ld: 找不到 -lpthreads
collect2: error: ld returned 1 exit status
make[1]: *** [CMakeFiles/cmTC_ae03d.dir/build.make:87：cmTC_ae03d] 错误 1
make[1]: 离开目录“/home/wulingfeng/catkin_ws/src/build/CMakeFiles/CMakeTmp”
make: *** [Makefile:121：cmTC_ae03d/fast] 错误 2



